Determining if the Q_WS_WIN exist failed with the following output:
Change Dir: /home/nvidia/catkin_ws/src/beginner_tutorials/Electron/ItemDetect/build/CMakeFiles/CMakeTmp

Run Build Command:"/usr/bin/make" "cmTC_d4ee1/fast"
/usr/bin/make -f CMakeFiles/cmTC_d4ee1.dir/build.make CMakeFiles/cmTC_d4ee1.dir/build
make[1]: Entering directory '/home/nvidia/catkin_ws/src/beginner_tutorials/Electron/ItemDetect/build/CMakeFiles/CMakeTmp'
Building CXX object CMakeFiles/cmTC_d4ee1.dir/CheckSymbolExists.cxx.o
/usr/bin/c++    -I/usr/include/qt4  -std=c++11    -o CMakeFiles/cmTC_d4ee1.dir/CheckSymbolExists.cxx.o -c /home/nvidia/catkin_ws/src/beginner_tutorials/Electron/ItemDetect/build/CMakeFiles/CMakeTmp/CheckSymbolExists.cxx
/home/nvidia/catkin_ws/src/beginner_tutorials/Electron/ItemDetect/build/CMakeFiles/CMakeTmp/CheckSymbolExists.cxx: In function ‘int main(int, char**)’:
/home/nvidia/catkin_ws/src/beginner_tutorials/Electron/ItemDetect/build/CMakeFiles/CMakeTmp/CheckSymbolExists.cxx:8:19: error: ‘Q_WS_WIN’ was not declared in this scope
   return ((int*)(&Q_WS_WIN))[argc];
                   ^
CMakeFiles/cmTC_d4ee1.dir/build.make:65: recipe for target 'CMakeFiles/cmTC_d4ee1.dir/CheckSymbolExists.cxx.o' failed
make[1]: *** [CMakeFiles/cmTC_d4ee1.dir/CheckSymbolExists.cxx.o] Error 1
make[1]: Leaving directory '/home/nvidia/catkin_ws/src/beginner_tutorials/Electron/ItemDetect/build/CMakeFiles/CMakeTmp'
Makefile:126: recipe for target 'cmTC_d4ee1/fast' failed
make: *** [cmTC_d4ee1/fast] Error 2

File /home/nvidia/catkin_ws/src/beginner_tutorials/Electron/ItemDetect/build/CMakeFiles/CMakeTmp/CheckSymbolExists.cxx:
/* */
#include <QtCore/qglobal.h>

int main(int argc, char** argv)
{
  (void)argv;
#ifndef Q_WS_WIN
  return ((int*)(&Q_WS_WIN))[argc];
#else
  (void)argc;
  return 0;
#endif
}

Determining if the Q_WS_QWS exist failed with the following output:
Change Dir: /home/nvidia/catkin_ws/src/beginner_tutorials/Electron/ItemDetect/build/CMakeFiles/CMakeTmp

Run Build Command:"/usr/bin/make" "cmTC_b4b01/fast"
/usr/bin/make -f CMakeFiles/cmTC_b4b01.dir/build.make CMakeFiles/cmTC_b4b01.dir/build
make[1]: Entering directory '/home/nvidia/catkin_ws/src/beginner_tutorials/Electron/ItemDetect/build/CMakeFiles/CMakeTmp'
Building CXX object CMakeFiles/cmTC_b4b01.dir/CheckSymbolExists.cxx.o
/usr/bin/c++    -I/usr/include/qt4  -std=c++11    -o CMakeFiles/cmTC_b4b01.dir/CheckSymbolExists.cxx.o -c /home/nvidia/catkin_ws/src/beginner_tutorials/Electron/ItemDetect/build/CMakeFiles/CMakeTmp/CheckSymbolExists.cxx
/home/nvidia/catkin_ws/src/beginner_tutorials/Electron/ItemDetect/build/CMakeFiles/CMakeTmp/CheckSymbolExists.cxx: In function ‘int main(int, char**)’:
/home/nvidia/catkin_ws/src/beginner_tutorials/Electron/ItemDetect/build/CMakeFiles/CMakeTmp/CheckSymbolExists.cxx:8:19: error: ‘Q_WS_QWS’ was not declared in this scope
   return ((int*)(&Q_WS_QWS))[argc];
                   ^
CMakeFiles/cmTC_b4b01.dir/build.make:65: recipe for target 'CMakeFiles/cmTC_b4b01.dir/CheckSymbolExists.cxx.o' failed
make[1]: *** [CMakeFiles/cmTC_b4b01.dir/CheckSymbolExists.cxx.o] Error 1
make[1]: Leaving directory '/home/nvidia/catkin_ws/src/beginner_tutorials/Electron/ItemDetect/build/CMakeFiles/CMakeTmp'
Makefile:126: recipe for target 'cmTC_b4b01/fast' failed
make: *** [cmTC_b4b01/fast] Error 2

File /home/nvidia/catkin_ws/src/beginner_tutorials/Electron/ItemDetect/build/CMakeFiles/CMakeTmp/CheckSymbolExists.cxx:
/* */
#include <QtCore/qglobal.h>

int main(int argc, char** argv)
{
  (void)argv;
#ifndef Q_WS_QWS
  return ((int*)(&Q_WS_QWS))[argc];
#else
  (void)argc;
  return 0;
#endif
}

Determining if the Q_WS_MAC exist failed with the following output:
Change Dir: /home/nvidia/catkin_ws/src/beginner_tutorials/Electron/ItemDetect/build/CMakeFiles/CMakeTmp

Run Build Command:"/usr/bin/make" "cmTC_a67ba/fast"
/usr/bin/make -f CMakeFiles/cmTC_a67ba.dir/build.make CMakeFiles/cmTC_a67ba.dir/build
make[1]: Entering directory '/home/nvidia/catkin_ws/src/beginner_tutorials/Electron/ItemDetect/build/CMakeFiles/CMakeTmp'
Building CXX object CMakeFiles/cmTC_a67ba.dir/CheckSymbolExists.cxx.o
/usr/bin/c++    -I/usr/include/qt4  -std=c++11    -o CMakeFiles/cmTC_a67ba.dir/CheckSymbolExists.cxx.o -c /home/nvidia/catkin_ws/src/beginner_tutorials/Electron/ItemDetect/build/CMakeFiles/CMakeTmp/CheckSymbolExists.cxx
/home/nvidia/catkin_ws/src/beginner_tutorials/Electron/ItemDetect/build/CMakeFiles/CMakeTmp/CheckSymbolExists.cxx: In function ‘int main(int, char**)’:
/home/nvidia/catkin_ws/src/beginner_tutorials/Electron/ItemDetect/build/CMakeFiles/CMakeTmp/CheckSymbolExists.cxx:8:19: error: ‘Q_WS_MAC’ was not declared in this scope
   return ((int*)(&Q_WS_MAC))[argc];
                   ^
CMakeFiles/cmTC_a67ba.dir/build.make:65: recipe for target 'CMakeFiles/cmTC_a67ba.dir/CheckSymbolExists.cxx.o' failed
make[1]: *** [CMakeFiles/cmTC_a67ba.dir/CheckSymbolExists.cxx.o] Error 1
make[1]: Leaving directory '/home/nvidia/catkin_ws/src/beginner_tutorials/Electron/ItemDetect/build/CMakeFiles/CMakeTmp'
Makefile:126: recipe for target 'cmTC_a67ba/fast' failed
make: *** [cmTC_a67ba/fast] Error 2

File /home/nvidia/catkin_ws/src/beginner_tutorials/Electron/ItemDetect/build/CMakeFiles/CMakeTmp/CheckSymbolExists.cxx:
/* */
#include <QtCore/qglobal.h>

int main(int argc, char** argv)
{
  (void)argv;
#ifndef Q_WS_MAC
  return ((int*)(&Q_WS_MAC))[argc];
#else
  (void)argc;
  return 0;
#endif
}

Determining if the pthread_create exist failed with the following output:
Change Dir: /home/nvidia/catkin_ws/src/beginner_tutorials/Electron/ItemDetect/build/CMakeFiles/CMakeTmp

Run Build Command:"/usr/bin/make" "cmTC_0ff15/fast"
/usr/bin/make -f CMakeFiles/cmTC_0ff15.dir/build.make CMakeFiles/cmTC_0ff15.dir/build
make[1]: Entering directory '/home/nvidia/catkin_ws/src/beginner_tutorials/Electron/ItemDetect/build/CMakeFiles/CMakeTmp'
Building C object CMakeFiles/cmTC_0ff15.dir/CheckSymbolExists.c.o
/usr/bin/cc    -fPIC    -o CMakeFiles/cmTC_0ff15.dir/CheckSymbolExists.c.o   -c /home/nvidia/catkin_ws/src/beginner_tutorials/Electron/ItemDetect/build/CMakeFiles/CMakeTmp/CheckSymbolExists.c
Linking C executable cmTC_0ff15
/usr/bin/cmake -E cmake_link_script CMakeFiles/cmTC_0ff15.dir/link.txt --verbose=1
/usr/bin/cc  -fPIC     CMakeFiles/cmTC_0ff15.dir/CheckSymbolExists.c.o  -o cmTC_0ff15 -rdynamic 
CMakeFiles/cmTC_0ff15.dir/CheckSymbolExists.c.o: In function `main':
CheckSymbolExists.c:(.text+0x14): undefined reference to `pthread_create'
CheckSymbolExists.c:(.text+0x18): undefined reference to `pthread_create'
collect2: error: ld returned 1 exit status
CMakeFiles/cmTC_0ff15.dir/build.make:97: recipe for target 'cmTC_0ff15' failed
make[1]: *** [cmTC_0ff15] Error 1
make[1]: Leaving directory '/home/nvidia/catkin_ws/src/beginner_tutorials/Electron/ItemDetect/build/CMakeFiles/CMakeTmp'
Makefile:126: recipe for target 'cmTC_0ff15/fast' failed
make: *** [cmTC_0ff15/fast] Error 2

File /home/nvidia/catkin_ws/src/beginner_tutorials/Electron/ItemDetect/build/CMakeFiles/CMakeTmp/CheckSymbolExists.c:
/* */
#include <pthread.h>

int main(int argc, char** argv)
{
  (void)argv;
#ifndef pthread_create
  return ((int*)(&pthread_create))[argc];
#else
  (void)argc;
  return 0;
#endif
}

Determining if the function pthread_create exists in the pthreads failed with the following output:
Change Dir: /home/nvidia/catkin_ws/src/beginner_tutorials/Electron/ItemDetect/build/CMakeFiles/CMakeTmp

Run Build Command:"/usr/bin/make" "cmTC_ee560/fast"
/usr/bin/make -f CMakeFiles/cmTC_ee560.dir/build.make CMakeFiles/cmTC_ee560.dir/build
make[1]: Entering directory '/home/nvidia/catkin_ws/src/beginner_tutorials/Electron/ItemDetect/build/CMakeFiles/CMakeTmp'
Building C object CMakeFiles/cmTC_ee560.dir/CheckFunctionExists.c.o
/usr/bin/cc    -fPIC -DCHECK_FUNCTION_EXISTS=pthread_create   -o CMakeFiles/cmTC_ee560.dir/CheckFunctionExists.c.o   -c /usr/share/cmake-3.5/Modules/CheckFunctionExists.c
Linking C executable cmTC_ee560
/usr/bin/cmake -E cmake_link_script CMakeFiles/cmTC_ee560.dir/link.txt --verbose=1
/usr/bin/cc  -fPIC -DCHECK_FUNCTION_EXISTS=pthread_create    CMakeFiles/cmTC_ee560.dir/CheckFunctionExists.c.o  -o cmTC_ee560 -rdynamic -lpthreads 
/usr/bin/ld: cannot find -lpthreads
collect2: error: ld returned 1 exit status
CMakeFiles/cmTC_ee560.dir/build.make:97: recipe for target 'cmTC_ee560' failed
make[1]: *** [cmTC_ee560] Error 1
make[1]: Leaving directory '/home/nvidia/catkin_ws/src/beginner_tutorials/Electron/ItemDetect/build/CMakeFiles/CMakeTmp'
Makefile:126: recipe for target 'cmTC_ee560/fast' failed
make: *** [cmTC_ee560/fast] Error 2


